#
# There is insufficient memory for the Java Runtime Environment to continue.
# Native memory allocation (mmap) failed to map 132120576 bytes for G1 virtual space
# Possible reasons:
#   The system is out of physical RAM or swap space
#   The process is running with CompressedOops enabled, and the Java Heap may be blocking the growth of the native heap
# Possible solutions:
#   Reduce memory load on the system
#   Increase physical memory or swap space
#   Check if swap backing store is full
#   Decrease Java heap size (-Xmx/-Xms)
#   Decrease number of Java threads
#   Decrease Java thread stack sizes (-Xss)
#   Set larger code cache with -XX:ReservedCodeCacheSize=
#   JVM is running with Unscaled Compressed Oops mode in which the Java heap is
#     placed in the first 4GB address space. The Java Heap base address is the
#     maximum limit for the native heap growth. Please use -XX:HeapBaseMinAddress
#     to set the Java Heap base and to place the Java Heap above 4GB virtual address.
# This output file may be truncated or incomplete.
#
#  Out of Memory Error (os_windows.cpp:3747), pid=17776, tid=7508
#
# JRE version:  (17.0.3+7) (build )
# Java VM: OpenJDK 64-Bit Server VM (17.0.3+7-b469.32, mixed mode, sharing, tiered, compressed oops, compressed class ptrs, g1 gc, windows-amd64)
# No core dump will be written. Minidumps are not enabled by default on client versions of Windows
#

---------------  S U M M A R Y ------------

Command Line: git4idea.http.GitAskPassApp Username for 'https://github.com': 

Host: Intel(R) Core(TM) i5-10210U CPU @ 1.60GHz, 8 cores, 7G,  Windows 10 , 64 bit Build 19041 (10.0.19041.1889)
Time: Thu Aug 18 11:55:58 2022  Windows 10 , 64 bit Build 19041 (10.0.19041.1889) elapsed time: 0.010169 seconds (0d 0h 0m 0s)

---------------  T H R E A D  ---------------

Current thread (0x000001ef4647ea70):  JavaThread "Unknown thread" [_thread_in_vm, id=7508, stack(0x0000004df4a00000,0x0000004df4b00000)]

Stack: [0x0000004df4a00000,0x0000004df4b00000]
Native frames: (J=compiled Java code, j=interpreted, Vv=VM code, C=native code)
V  [jvm.dll+0x681f8a]
V  [jvm.dll+0x83e374]
V  [jvm.dll+0x83fb1e]
V  [jvm.dll+0x840183]
V  [jvm.dll+0x2492a5]
V  [jvm.dll+0x67ee59]
V  [jvm.dll+0x67355a]
V  [jvm.dll+0x308fab]
V  [jvm.dll+0x310466]
V  [jvm.dll+0x3601de]
V  [jvm.dll+0x36040f]
V  [jvm.dll+0x2df098]
V  [jvm.dll+0x2e0004]
V  [jvm.dll+0x80fc61]
V  [jvm.dll+0x36df61]
V  [jvm.dll+0x7ef17c]
V  [jvm.dll+0x3f10ef]
V  [jvm.dll+0x3f2c31]
C  [jli.dll+0x526b]
C  [ucrtbase.dll+0x21bb2]
C  [KERNEL32.DLL+0x17034]
C  [ntdll.dll+0x52651]


---------------  P R O C E S S  ---------------

Threads class SMR info:
_java_thread_list=0x00007ffe43c16f18, length=0, elements={
}

Java Threads: ( => current thread )

Other Threads:
  0x000001ef464db4b0 GCTaskThread "GC Thread#0" [stack: 0x0000004df4b00000,0x0000004df4c00000] [id=9068]
  0x000001ef464ec510 ConcurrentGCThread "G1 Main Marker" [stack: 0x0000004df4c00000,0x0000004df4d00000] [id=21960]
  0x000001ef464ecf20 ConcurrentGCThread "G1 Conc#0" [stack: 0x0000004df4d00000,0x0000004df4e00000] [id=22272]

[error occurred during error reporting (printing all threads), id 0xc0000005, EXCEPTION_ACCESS_VIOLATION (0xc0000005) at pc=0x00007ffe433cfc57]

VM state: not at safepoint (not fully initialized)

VM Mutex/Monitor currently owned by a thread:  ([mutex/lock_event])
[0x000001ef4647b880] Heap_lock - owner thread: 0x000001ef4647ea70

Heap address: 0x0000000083400000, size: 1996 MB, Compressed Oops mode: 32-bit

CDS archive(s) mapped at: [0x0000000000000000-0x0000000000000000-0x0000000000000000), size 0, SharedBaseAddress: 0x0000000800000000, ArchiveRelocationMode: 0.
Narrow klass base: 0x0000000000000000, Narrow klass shift: 0, Narrow klass range: 0x0

GC Precious Log:
<Empty>

Heap:
 garbage-first heap   total 0K, used 0K [0x0000000083400000, 0x0000000100000000)
  region size 1024K, 0 young (0K), 0 survivors (0K)

[error occurred during error reporting (printing heap information), id 0xc0000005, EXCEPTION_ACCESS_VIOLATION (0xc0000005) at pc=0x00007ffe437bbbd9]

GC Heap History (0 events):
No events

Deoptimization events (0 events):
No events

Classes unloaded (0 events):
No events

Classes redefined (0 events):
No events

Internal exceptions (0 events):
No events

VM Operations (0 events):
No events

Events (1 events):
Event: 0.005 Loaded shared library C:\Program Files\JetBrains\WebStorm 2022.2\jbr\bin\java.dll


Dynamic libraries:
0x00007ff6e89e0000 - 0x00007ff6e89ea000 	C:\Program Files\JetBrains\WebStorm 2022.2\jbr\bin\java.exe
0x00007ffecb9b0000 - 0x00007ffecbba8000 	C:\WINDOWS\SYSTEM32\ntdll.dll
0x00007ffec9d40000 - 0x00007ffec9dfd000 	C:\WINDOWS\System32\KERNEL32.DLL
0x00007ffec9630000 - 0x00007ffec98fe000 	C:\WINDOWS\System32\KERNELBASE.dll
0x00007ffec9170000 - 0x00007ffec9270000 	C:\WINDOWS\System32\ucrtbase.dll
0x00007ffe564b0000 - 0x00007ffe564cb000 	C:\Program Files\JetBrains\WebStorm 2022.2\jbr\bin\VCRUNTIME140.dll
0x00007ffe56490000 - 0x00007ffe564a7000 	C:\Program Files\JetBrains\WebStorm 2022.2\jbr\bin\jli.dll
0x00007ffecaea0000 - 0x00007ffecb040000 	C:\WINDOWS\System32\USER32.dll
0x00007ffec90d0000 - 0x00007ffec90f2000 	C:\WINDOWS\System32\win32u.dll
0x00007ffeb1660000 - 0x00007ffeb18fa000 	C:\WINDOWS\WinSxS\amd64_microsoft.windows.common-controls_6595b64144ccf1df_6.0.19041.1110_none_60b5254171f9507e\COMCTL32.dll
0x00007ffecb940000 - 0x00007ffecb96a000 	C:\WINDOWS\System32\GDI32.dll
0x00007ffec9900000 - 0x00007ffec9a0b000 	C:\WINDOWS\System32\gdi32full.dll
0x00007ffeca460000 - 0x00007ffeca4fe000 	C:\WINDOWS\System32\msvcrt.dll
0x00007ffec9330000 - 0x00007ffec93cd000 	C:\WINDOWS\System32\msvcp_win.dll
0x00007ffecb040000 - 0x00007ffecb070000 	C:\WINDOWS\System32\IMM32.DLL
0x00007ffe8ff30000 - 0x00007ffe8ff3c000 	C:\Program Files\JetBrains\WebStorm 2022.2\jbr\bin\vcruntime140_1.dll
0x00007ffe56400000 - 0x00007ffe5648d000 	C:\Program Files\JetBrains\WebStorm 2022.2\jbr\bin\msvcp140.dll
0x00007ffe430e0000 - 0x00007ffe43d48000 	C:\Program Files\JetBrains\WebStorm 2022.2\jbr\bin\server\jvm.dll
0x00007ffeca500000 - 0x00007ffeca5ae000 	C:\WINDOWS\System32\ADVAPI32.dll
0x00007ffec9f50000 - 0x00007ffec9fec000 	C:\WINDOWS\System32\sechost.dll
0x00007ffec9b60000 - 0x00007ffec9c85000 	C:\WINDOWS\System32\RPCRT4.dll
0x00007ffec9ee0000 - 0x00007ffec9ee8000 	C:\WINDOWS\System32\PSAPI.DLL
0x00007ffeb30a0000 - 0x00007ffeb30a9000 	C:\WINDOWS\SYSTEM32\WSOCK32.dll
0x00007ffea04f0000 - 0x00007ffea0517000 	C:\WINDOWS\SYSTEM32\WINMM.dll
0x00007ffebe880000 - 0x00007ffebe88a000 	C:\WINDOWS\SYSTEM32\VERSION.dll
0x00007ffecaa20000 - 0x00007ffecaa8b000 	C:\WINDOWS\System32\WS2_32.dll
0x00007ffec79b0000 - 0x00007ffec79c2000 	C:\WINDOWS\SYSTEM32\kernel.appcore.dll
0x00007ffec1450000 - 0x00007ffec145a000 	C:\Program Files\JetBrains\WebStorm 2022.2\jbr\bin\jimage.dll
0x00007ffec4650000 - 0x00007ffec4834000 	C:\WINDOWS\SYSTEM32\DBGHELP.DLL
0x00007ffeb0380000 - 0x00007ffeb03ac000 	C:\WINDOWS\SYSTEM32\dbgcore.DLL
0x00007ffec92a0000 - 0x00007ffec9322000 	C:\WINDOWS\System32\bcryptPrimitives.dll
0x00007ffebf110000 - 0x00007ffebf135000 	C:\Program Files\JetBrains\WebStorm 2022.2\jbr\bin\java.dll

dbghelp: loaded successfully - version: 4.0.5 - missing functions: none
symbol engine: initialized successfully - sym options: 0x614 - pdb path: .;C:\Program Files\JetBrains\WebStorm 2022.2\jbr\bin;C:\WINDOWS\SYSTEM32;C:\WINDOWS\WinSxS\amd64_microsoft.windows.common-controls_6595b64144ccf1df_6.0.19041.1110_none_60b5254171f9507e;C:\Program Files\JetBrains\WebStorm 2022.2\jbr\bin\server

VM Arguments:
java_command: git4idea.http.GitAskPassApp Username for 'https://github.com': 
java_class_path (initial): C:/Program Files/JetBrains/WebStorm 2022.2/plugins/git4idea/lib/git4idea-rt.jar;C:/Program Files/JetBrains/WebStorm 2022.2/lib/externalProcess-rt.jar;C:/Program Files/JetBrains/WebStorm 2022.2/lib/app.jar;C:/Program Files/JetBrains/WebStorm 2022.2/lib/3rd-party-rt.jar
Launcher Type: SUN_STANDARD

[Global flags]
     intx CICompilerCount                          = 4                                         {product} {ergonomic}
     uint ConcGCThreads                            = 2                                         {product} {ergonomic}
     uint G1ConcRefinementThreads                  = 8                                         {product} {ergonomic}
   size_t G1HeapRegionSize                         = 1048576                                   {product} {ergonomic}
    uintx GCDrainStackTargetSize                   = 64                                        {product} {ergonomic}
   size_t InitialHeapSize                          = 132120576                                 {product} {ergonomic}
   size_t MarkStackSize                            = 4194304                                   {product} {ergonomic}
   size_t MaxHeapSize                              = 2092957696                                {product} {ergonomic}
   size_t MinHeapDeltaBytes                        = 1048576                                   {product} {ergonomic}
   size_t MinHeapSize                              = 8388608                                   {product} {ergonomic}
    uintx NonNMethodCodeHeapSize                   = 5839372                                {pd product} {ergonomic}
    uintx NonProfiledCodeHeapSize                  = 122909434                              {pd product} {ergonomic}
    uintx ProfiledCodeHeapSize                     = 122909434                              {pd product} {ergonomic}
    uintx ReservedCodeCacheSize                    = 251658240                              {pd product} {ergonomic}
     bool SegmentedCodeCache                       = true                                      {product} {ergonomic}
   size_t SoftMaxHeapSize                          = 2092957696                             {manageable} {ergonomic}
     bool UseCompressedClassPointers               = true                           {product lp64_product} {ergonomic}
     bool UseCompressedOops                        = true                           {product lp64_product} {ergonomic}
     bool UseG1GC                                  = true                                      {product} {ergonomic}
     bool UseLargePagesIndividualAllocation        = false                                  {pd product} {ergonomic}

Logging:
Log output configuration:
 #0: stdout all=warning uptime,level,tags
 #1: stderr all=off uptime,level,tags

Environment Variables:
PATH=C:\Program Files\Git\mingw64\libexec\git-core;C:\Program Files\Git\mingw64\libexec\git-core;C:\Program Files\Git\mingw64\bin;C:\Program Files\Git\usr\bin;C:\Users\Аня\bin;D:\app\Anya\product\21c\dbhomeXE\bin;C:\Program Files (x86)\Common Files\Oracle\Java\javapath;C:\Python310\Scripts;C:\Python310;C:\WINDOWS\system32;C:\WINDOWS;C:\WINDOWS\System32\Wbem;C:\WINDOWS\System32\WindowsPowerShell\v1.0;C:\WINDOWS\System32\OpenSSH;C:\Program Files\Git\cmd;C:\ProgramData\chocolatey\bin;C:\Program Files\Microsoft SQL Server\150\Tools\Binn;C:\Program Files\dotnet;C:\Program Files\nodejs;C:\Users\Аня\AppData\Local\Microsoft\WindowsApps;D:\Microsoft VS Code\bin;C:\Program Files\PostgreSQL\11\bin;C:\Program Files\JetBrains\IntelliJ IDEA 2021.3.3\bin;C:\Users\Аня\.dotnet\tools;C:\Users\Аня\AppData\Roaming\npm;C:\Program Files\JetBrains\WebStorm 2022.2\bin
USERNAME=Anya
DISPLAY=:0.0
LC_ALL=en_US.UTF-8
OS=Windows_NT
PROCESSOR_IDENTIFIER=Intel64 Family 6 Model 142 Stepping 12, GenuineIntel



---------------  S Y S T E M  ---------------

OS:
 Windows 10 , 64 bit Build 19041 (10.0.19041.1889)
OS uptime: 2 days 13:17 hours

CPU: total 8 (initial active 8) (4 cores per cpu, 2 threads per core) family 6 model 142 stepping 12 microcode 0xbe, cx8, cmov, fxsr, ht, mmx, 3dnowpref, sse, sse2, sse3, ssse3, sse4.1, sse4.2, popcnt, lzcnt, tsc, tscinvbit, avx, avx2, aes, erms, clmul, bmi1, bmi2, adx, fma, vzeroupper, clflush, clflushopt

Memory: 4k page, system-wide physical 7976M (787M free)
TotalPageFile size 20696M (AvailPageFile size 42M)
current process WorkingSet (physical memory assigned to process): 10M, peak: 10M
current process commit charge ("private bytes"): 60M, peak: 186M

vm_info: OpenJDK 64-Bit Server VM (17.0.3+7-b469.32) for windows-amd64 JRE (17.0.3+7-b469.32), built on 2022-07-19 by "builduser" with MS VC++ 16.10 / 16.11 (VS2019)

END.
